<?xml version="1.0" encoding="UTF-8"?>
<testsuite xmlns:xsi="http://www.w3.org/2001/XMLSchema-instance" xsi:noNamespaceSchemaLocation="https://maven.apache.org/surefire/maven-surefire-plugin/xsd/surefire-test-report.xsd" name="eosio.java.AppTest" time="0.025" tests="1" errors="0" skipped="0" failures="0">
  <properties>
    <property name="java.specification.version" value="14"/>
    <property name="sun.jnu.encoding" value="UTF-8"/>
    <property name="java.class.path" value="/Volumes/Samsung_T5/Workspace/eosio-java/target/test-classes:/Volumes/Samsung_T5/Workspace/eosio-java/target/classes:/Users/jckim/.m2/repository/junit/junit/4.11/junit-4.11.jar:/Users/jckim/.m2/repository/org/hamcrest/hamcrest-core/1.3/hamcrest-core-1.3.jar:/Users/jckim/.m2/repository/eos/java/rpc/wrapper/eos.java.rpc.wrapper/1.0-SNAPSHOT/eos.java.rpc.wrapper-1.0-SNAPSHOT.jar:/Users/jckim/.m2/repository/com/squareup/okhttp3/okhttp/3.12.0/okhttp-3.12.0.jar:/Users/jckim/.m2/repository/com/squareup/okio/okio/1.15.0/okio-1.15.0.jar:/Users/jckim/.m2/repository/com/squareup/okhttp3/logging-interceptor/3.12.0/logging-interceptor-3.12.0.jar:/Users/jckim/.m2/repository/com/squareup/retrofit2/converter-scalars/2.5.0/converter-scalars-2.5.0.jar:/Users/jckim/.m2/repository/com/squareup/retrofit2/retrofit/2.5.0/retrofit-2.5.0.jar:/Users/jckim/.m2/repository/com/squareup/retrofit2/converter-jackson/2.5.0/converter-jackson-2.5.0.jar:/Users/jckim/.m2/repository/com/fasterxml/jackson/core/jackson-databind/2.9.4/jackson-databind-2.9.4.jar:/Users/jckim/.m2/repository/com/fasterxml/jackson/core/jackson-annotations/2.9.0/jackson-annotations-2.9.0.jar:/Users/jckim/.m2/repository/com/fasterxml/jackson/core/jackson-core/2.9.4/jackson-core-2.9.4.jar:/Users/jckim/.m2/repository/org/apache/commons/commons-lang3/3.8.1/commons-lang3-3.8.1.jar:/Users/jckim/.m2/repository/com/googlecode/json-simple/json-simple/1.1/json-simple-1.1.jar:"/>
    <property name="java.vm.vendor" value="Oracle Corporation"/>
    <property name="sun.arch.data.model" value="64"/>
    <property name="java.vendor.url" value="https://java.oracle.com/"/>
    <property name="os.name" value="Mac OS X"/>
    <property name="java.vm.specification.version" value="14"/>
    <property name="sun.java.launcher" value="SUN_STANDARD"/>
    <property name="user.country" value="KR"/>
    <property name="sun.boot.library.path" value="/Library/Java/JavaVirtualMachines/jdk-14.0.2.jdk/Contents/Home/lib"/>
    <property name="sun.java.command" value="/Volumes/Samsung_T5/Workspace/eosio-java/target/surefire/surefirebooter675635544288075383.jar /Volumes/Samsung_T5/Workspace/eosio-java/target/surefire 2020-09-15T12-12-54_443-jvmRun1 surefire12560243145082527519tmp surefire_012594651553849432283tmp"/>
    <property name="http.nonProxyHosts" value="local|*.local|169.254/16|*.169.254/16"/>
    <property name="jdk.debug" value="release"/>
    <property name="surefire.test.class.path" value="/Volumes/Samsung_T5/Workspace/eosio-java/target/test-classes:/Volumes/Samsung_T5/Workspace/eosio-java/target/classes:/Users/jckim/.m2/repository/junit/junit/4.11/junit-4.11.jar:/Users/jckim/.m2/repository/org/hamcrest/hamcrest-core/1.3/hamcrest-core-1.3.jar:/Users/jckim/.m2/repository/eos/java/rpc/wrapper/eos.java.rpc.wrapper/1.0-SNAPSHOT/eos.java.rpc.wrapper-1.0-SNAPSHOT.jar:/Users/jckim/.m2/repository/com/squareup/okhttp3/okhttp/3.12.0/okhttp-3.12.0.jar:/Users/jckim/.m2/repository/com/squareup/okio/okio/1.15.0/okio-1.15.0.jar:/Users/jckim/.m2/repository/com/squareup/okhttp3/logging-interceptor/3.12.0/logging-interceptor-3.12.0.jar:/Users/jckim/.m2/repository/com/squareup/retrofit2/converter-scalars/2.5.0/converter-scalars-2.5.0.jar:/Users/jckim/.m2/repository/com/squareup/retrofit2/retrofit/2.5.0/retrofit-2.5.0.jar:/Users/jckim/.m2/repository/com/squareup/retrofit2/converter-jackson/2.5.0/converter-jackson-2.5.0.jar:/Users/jckim/.m2/repository/com/fasterxml/jackson/core/jackson-databind/2.9.4/jackson-databind-2.9.4.jar:/Users/jckim/.m2/repository/com/fasterxml/jackson/core/jackson-annotations/2.9.0/jackson-annotations-2.9.0.jar:/Users/jckim/.m2/repository/com/fasterxml/jackson/core/jackson-core/2.9.4/jackson-core-2.9.4.jar:/Users/jckim/.m2/repository/org/apache/commons/commons-lang3/3.8.1/commons-lang3-3.8.1.jar:/Users/jckim/.m2/repository/com/googlecode/json-simple/json-simple/1.1/json-simple-1.1.jar:"/>
    <property name="sun.cpu.endian" value="little"/>
    <property name="user.home" value="/Users/jckim"/>
    <property name="user.language" value="ko"/>
    <property name="java.specification.vendor" value="Oracle Corporation"/>
    <property name="java.version.date" value="2020-07-14"/>
    <property name="java.home" value="/Library/Java/JavaVirtualMachines/jdk-14.0.2.jdk/Contents/Home"/>
    <property name="file.separator" value="/"/>
    <property name="basedir" value="/Volumes/Samsung_T5/Workspace/eosio-java"/>
    <property name="java.vm.compressedOopsMode" value="Zero based"/>
    <property name="line.separator" value="&#10;"/>
    <property name="java.specification.name" value="Java Platform API Specification"/>
    <property name="java.vm.specification.vendor" value="Oracle Corporation"/>
    <property name="surefire.real.class.path" value="/Volumes/Samsung_T5/Workspace/eosio-java/target/surefire/surefirebooter675635544288075383.jar"/>
    <property name="sun.management.compiler" value="HotSpot 64-Bit Tiered Compilers"/>
    <property name="ftp.nonProxyHosts" value="local|*.local|169.254/16|*.169.254/16"/>
    <property name="java.runtime.version" value="14.0.2+12-46"/>
    <property name="user.name" value="jckim"/>
    <property name="path.separator" value=":"/>
    <property name="os.version" value="10.15.6"/>
    <property name="java.runtime.name" value="Java(TM) SE Runtime Environment"/>
    <property name="file.encoding" value="UTF-8"/>
    <property name="java.vm.name" value="Java HotSpot(TM) 64-Bit Server VM"/>
    <property name="localRepository" value="/Users/jckim/.m2/repository"/>
    <property name="java.vendor.url.bug" value="https://bugreport.java.com/bugreport/"/>
    <property name="java.io.tmpdir" value="/var/folders/bn/08t6d0h13z3_6kf25208v2k80000gn/T/"/>
    <property name="java.version" value="14.0.2"/>
    <property name="user.dir" value="/Volumes/Samsung_T5/Workspace/eosio-java"/>
    <property name="os.arch" value="x86_64"/>
    <property name="java.vm.specification.name" value="Java Virtual Machine Specification"/>
    <property name="java.library.path" value="/Users/jckim/Library/Java/Extensions:/Library/Java/Extensions:/Network/Library/Java/Extensions:/System/Library/Java/Extensions:/usr/lib/java:."/>
    <property name="java.vm.info" value="mixed mode, sharing"/>
    <property name="java.vendor" value="Oracle Corporation"/>
    <property name="java.vm.version" value="14.0.2+12-46"/>
    <property name="sun.io.unicode.encoding" value="UnicodeBig"/>
    <property name="socksNonProxyHosts" value="local|*.local|169.254/16|*.169.254/16"/>
    <property name="java.class.version" value="58.0"/>
  </properties>
  <testcase name="shouldAnswerWithTrue" classname="eosio.java.AppTest" time="0.001"/>
</testsuite>